<?xml version="1.0" encoding="UTF-8"?>
<testng-results skipped="0" failed="1" ignored="0" total="1" passed="0">
  <reporter-output>
  </reporter-output>
  <suite name="Default suite" duration-ms="131148" started-at="2019-06-17T06:07:44Z" finished-at="2019-06-17T06:09:55Z">
    <groups>
    </groups>
    <test name="Default test" duration-ms="131148" started-at="2019-06-17T06:07:44Z" finished-at="2019-06-17T06:09:55Z">
      <class name="com.prakat.Exide.TestScripts.ProposalForm">
        <test-method status="PASS" signature="setUpSuite()[pri:0, instance:com.prakat.Exide.TestScripts.ProposalForm@3abbfa04]" name="setUpSuite" is-config="true" duration-ms="209" started-at="2019-06-17T06:07:44Z" finished-at="2019-06-17T06:07:44Z">
          <reporter-output>
          </reporter-output>
        </test-method> <!-- setUpSuite -->
        <test-method status="PASS" signature="beforeTest()[pri:0, instance:com.prakat.Exide.TestScripts.ProposalForm@3abbfa04]" name="beforeTest" is-config="true" duration-ms="28554" started-at="2019-06-17T06:07:44Z" finished-at="2019-06-17T06:08:13Z">
          <reporter-output>
          </reporter-output>
        </test-method> <!-- beforeTest -->
        <test-method status="FAIL" signature="ProductDetails(java.lang.String, java.lang.String, java.lang.String, java.lang.String, java.lang.String, java.lang.String, java.lang.String, java.lang.String, java.lang.String, java.lang.String, java.lang.String, java.lang.String, java.lang.String, java.lang.String, java.lang.String, java.lang.String, java.lang.String, java.lang.String, java.lang.String, java.lang.String, java.lang.String, java.lang.String, java.lang.String, java.lang.String, java.lang.String, java.lang.String, java.lang.String, java.lang.String, java.lang.String, java.lang.String, java.lang.String, java.lang.String, java.lang.String, java.lang.String, java.lang.String, java.lang.String, java.lang.String, java.lang.String, java.lang.String, java.lang.String, java.lang.String, java.lang.String, java.lang.String, java.lang.String)[pri:0, instance:com.prakat.Exide.TestScripts.ProposalForm@3abbfa04]" name="ProductDetails" duration-ms="101693" started-at="2019-06-17T06:08:13Z" data-provider="getProductData" finished-at="2019-06-17T06:09:55Z">
          <params>
            <param index="0">
              <value>
                <![CDATA[T20-Exide Life Smart Term - Classic RP]]>
              </value>
            </param>
            <param index="1">
              <value>
                <![CDATA[LN000001]]>
              </value>
            </param>
            <param index="2">
              <value>
                <![CDATA[60000086]]>
              </value>
            </param>
            <param index="3">
              <value>
                <![CDATA[1111111111111]]>
              </value>
            </param>
            <param index="4">
              <value>
                <![CDATA[Self]]>
              </value>
            </param>
            <param index="5">
              <value>
                <![CDATA[1]]>
              </value>
            </param>
            <param index="6">
              <value>
                <![CDATA[7]]>
              </value>
            </param>
            <param index="7">
              <value>
                <![CDATA[1992]]>
              </value>
            </param>
            <param index="8">
              <value>
                <![CDATA[Mr]]>
              </value>
            </param>
            <param index="9">
              <value>
                <![CDATA[10th std Admit card with DOB]]>
              </value>
            </param>
            <param index="10">
              <value>
                <![CDATA[Aarav]]>
              </value>
            </param>
            <param index="11">
              <value>
                <![CDATA[A]]>
              </value>
            </param>
            <param index="12">
              <value>
                <![CDATA[B]]>
              </value>
            </param>
            <param index="13">
              <value>
                <![CDATA[Voters ID]]>
              </value>
            </param>
            <param index="14">
              <value>
                <![CDATA[1]]>
              </value>
            </param>
            <param index="15">
              <value>
                <![CDATA[Graduate]]>
              </value>
            </param>
            <param index="16">
              <value>
                <![CDATA[Single]]>
              </value>
            </param>
            <param index="17">
              <value>
                <![CDATA[Anil]]>
              </value>
            </param>
            <param index="18">
              <value>
                <![CDATA[A]]>
              </value>
            </param>
            <param index="19">
              <value>
                <![CDATA[B]]>
              </value>
            </param>
            <param index="20">
              <value>
                <![CDATA[Resident Indian National]]>
              </value>
            </param>
            <param index="21">
              <value>
                <![CDATA[Bangalore]]>
              </value>
            </param>
            <param index="22">
              <value>
                <![CDATA[kormangala]]>
              </value>
            </param>
            <param index="23">
              <value>
                <![CDATA[Adugodi]]>
              </value>
            </param>
            <param index="24">
              <value>
                <![CDATA[Near Forum]]>
              </value>
            </param>
            <param index="25">
              <value>
                <![CDATA[560066]]>
              </value>
            </param>
            <param index="26">
              <value>
                <![CDATA[Aadhaar Card]]>
              </value>
            </param>
            <param index="27">
              <value>
                <![CDATA[9740234356]]>
              </value>
            </param>
            <param index="28">
              <value>
                <![CDATA[vanitha.cv@prakat.in]]>
              </value>
            </param>
            <param index="29">
              <value>
                <![CDATA[English]]>
              </value>
            </param>
            <param index="30">
              <value>
                <![CDATA[Salaried - MNC]]>
              </value>
            </param>
            <param index="31">
              <value>
                <![CDATA[Accountant]]>
              </value>
            </param>
            <param index="32">
              <value>
                <![CDATA[Accountant]]>
              </value>
            </param>
            <param index="33">
              <value>
                <![CDATA[ABB Limited]]>
              </value>
            </param>
            <param index="34">
              <value>
                <![CDATA[100000.0]]>
              </value>
            </param>
            <param index="35">
              <value>
                <![CDATA[50000]]>
              </value>
            </param>
            <param index="36">
              <value>
                <![CDATA[Accountant]]>
              </value>
            </param>
            <param index="37">
              <value>
                <![CDATA[23]]>
              </value>
            </param>
            <param index="38">
              <value>
                <![CDATA[5]]>
              </value>
            </param>
            <param index="39">
              <value>
                <![CDATA[1974]]>
              </value>
            </param>
            <param index="40">
              <value>
                <![CDATA[Father]]>
              </value>
            </param>
            <param index="41">
              <value>
                <![CDATA[Married]]>
              </value>
            </param>
            <param index="42">
              <value>
                <![CDATA[100]]>
              </value>
            </param>
            <param index="43">
              <value>
                <![CDATA[500000.0]]>
              </value>
            </param>
          </params>
          <exception class="java.lang.NullPointerException">
            <full-stacktrace>
              <![CDATA[java.lang.NullPointerException
at com.prakat.Exide.TestScripts.ProposalForm.ProductDetails(ProposalForm.java:327)
at sun.reflect.NativeMethodAccessorImpl.invoke0(Native Method)
at sun.reflect.NativeMethodAccessorImpl.invoke(NativeMethodAccessorImpl.java:62)
at sun.reflect.DelegatingMethodAccessorImpl.invoke(DelegatingMethodAccessorImpl.java:43)
at java.lang.reflect.Method.invoke(Method.java:498)
at org.testng.internal.MethodInvocationHelper.invokeMethod(MethodInvocationHelper.java:124)
at org.testng.internal.Invoker.invokeMethod(Invoker.java:583)
at org.testng.internal.Invoker.invokeTestMethod(Invoker.java:719)
at org.testng.internal.Invoker.invokeTestMethods(Invoker.java:989)
at org.testng.internal.TestMethodWorker.invokeTestMethods(TestMethodWorker.java:125)
at org.testng.internal.TestMethodWorker.run(TestMethodWorker.java:109)
at org.testng.TestRunner.privateRun(TestRunner.java:648)
at org.testng.TestRunner.run(TestRunner.java:505)
at org.testng.SuiteRunner.runTest(SuiteRunner.java:455)
at org.testng.SuiteRunner.runSequentially(SuiteRunner.java:450)
at org.testng.SuiteRunner.privateRun(SuiteRunner.java:415)
at org.testng.SuiteRunner.run(SuiteRunner.java:364)
at org.testng.SuiteRunnerWorker.runSuite(SuiteRunnerWorker.java:52)
at org.testng.SuiteRunnerWorker.run(SuiteRunnerWorker.java:84)
at org.testng.TestNG.runSuitesSequentially(TestNG.java:1208)
at org.testng.TestNG.runSuitesLocally(TestNG.java:1137)
at org.testng.TestNG.runSuites(TestNG.java:1049)
at org.testng.TestNG.run(TestNG.java:1017)
at org.testng.remote.AbstractRemoteTestNG.run(AbstractRemoteTestNG.java:114)
at org.testng.remote.RemoteTestNG.initAndRun(RemoteTestNG.java:251)
at org.testng.remote.RemoteTestNG.main(RemoteTestNG.java:77)
]]>
            </full-stacktrace>
          </exception> <!-- java.lang.NullPointerException -->
          <reporter-output>
          </reporter-output>
        </test-method> <!-- ProductDetails -->
        <test-method status="PASS" signature="endReport()[pri:0, instance:com.prakat.Exide.TestScripts.ProposalForm@3abbfa04]" name="endReport" is-config="true" duration-ms="334" started-at="2019-06-17T06:09:55Z" finished-at="2019-06-17T06:09:56Z">
          <reporter-output>
          </reporter-output>
        </test-method> <!-- endReport -->
      </class> <!-- com.prakat.Exide.TestScripts.ProposalForm -->
    </test> <!-- Default test -->
  </suite> <!-- Default suite -->
</testng-results>
