<?xml version="1.0" encoding="UTF-8"?>
<testng-results skipped="0" failed="0" ignored="0" total="1" passed="1">
  <reporter-output>
  </reporter-output>
  <suite name="Default suite" duration-ms="195743" started-at="2019-06-19T12:18:57Z" finished-at="2019-06-19T12:22:12Z">
    <groups>
    </groups>
    <test name="Default test" duration-ms="195743" started-at="2019-06-19T12:18:57Z" finished-at="2019-06-19T12:22:12Z">
      <class name="com.prakat.Exide.TestScripts.ProposalForm">
        <test-method status="PASS" signature="setUpSuite()[pri:0, instance:com.prakat.Exide.TestScripts.ProposalForm@3abbfa04]" name="setUpSuite" is-config="true" duration-ms="210" started-at="2019-06-19T12:18:56Z" finished-at="2019-06-19T12:18:57Z">
          <reporter-output>
          </reporter-output>
        </test-method> <!-- setUpSuite -->
        <test-method status="PASS" signature="beforeTest()[pri:0, instance:com.prakat.Exide.TestScripts.ProposalForm@3abbfa04]" name="beforeTest" is-config="true" duration-ms="9689" started-at="2019-06-19T12:18:57Z" finished-at="2019-06-19T12:19:06Z">
          <reporter-output>
          </reporter-output>
        </test-method> <!-- beforeTest -->
        <test-method status="PASS" signature="ProductDetails(java.lang.String, java.lang.String, java.lang.String, java.lang.String, java.lang.String, java.lang.String, java.lang.String, java.lang.String, java.lang.String, java.lang.String, java.lang.String, java.lang.String, java.lang.String, java.lang.String, java.lang.String, java.lang.String, java.lang.String, java.lang.String, java.lang.String, java.lang.String, java.lang.String, java.lang.String, java.lang.String, java.lang.String, java.lang.String, java.lang.String, java.lang.String, java.lang.String, java.lang.String, java.lang.String, java.lang.String, java.lang.String, java.lang.String, java.lang.String, java.lang.String, java.lang.String, java.lang.String, java.lang.String, java.lang.String, java.lang.String, java.lang.String, java.lang.String, java.lang.String, java.lang.String, java.lang.String, java.lang.String, java.lang.String, java.lang.String, java.lang.String, java.lang.String, java.lang.String, java.lang.String, java.lang.String, java.lang.String, java.lang.String, java.lang.String, java.lang.String, java.lang.String, java.lang.String, java.lang.String, java.lang.String, java.lang.String, java.lang.String, java.lang.String, java.lang.String, java.lang.String, java.lang.String, java.lang.String, java.lang.String, java.lang.String, java.lang.String, java.lang.String, java.lang.String, java.lang.String)[pri:0, instance:com.prakat.Exide.TestScripts.ProposalForm@3abbfa04]" name="ProductDetails" duration-ms="185323" started-at="2019-06-19T12:19:07Z" data-provider="getProductData" finished-at="2019-06-19T12:22:12Z">
          <params>
            <param index="0">
              <value>
                <![CDATA[T20-Exide Life Smart Term - Classic RP]]>
              </value>
            </param>
            <param index="1">
              <value>
                <![CDATA[LN000002]]>
              </value>
            </param>
            <param index="2">
              <value>
                <![CDATA[60000086]]>
              </value>
            </param>
            <param index="3">
              <value>
                <![CDATA[1111111111111]]>
              </value>
            </param>
            <param index="4">
              <value>
                <![CDATA[Self]]>
              </value>
            </param>
            <param index="5">
              <value>
                <![CDATA[1]]>
              </value>
            </param>
            <param index="6">
              <value>
                <![CDATA[7]]>
              </value>
            </param>
            <param index="7">
              <value>
                <![CDATA[1992]]>
              </value>
            </param>
            <param index="8">
              <value>
                <![CDATA[Mr]]>
              </value>
            </param>
            <param index="9">
              <value>
                <![CDATA[10th std Admit card with DOB]]>
              </value>
            </param>
            <param index="10">
              <value>
                <![CDATA[Aarav]]>
              </value>
            </param>
            <param index="11">
              <value>
                <![CDATA[A]]>
              </value>
            </param>
            <param index="12">
              <value>
                <![CDATA[B]]>
              </value>
            </param>
            <param index="13">
              <value>
                <![CDATA[Voters ID]]>
              </value>
            </param>
            <param index="14">
              <value>
                <![CDATA[1]]>
              </value>
            </param>
            <param index="15">
              <value>
                <![CDATA[Graduate]]>
              </value>
            </param>
            <param index="16">
              <value>
                <![CDATA[Single]]>
              </value>
            </param>
            <param index="17">
              <value>
                <![CDATA[Anil]]>
              </value>
            </param>
            <param index="18">
              <value>
                <![CDATA[A]]>
              </value>
            </param>
            <param index="19">
              <value>
                <![CDATA[B]]>
              </value>
            </param>
            <param index="20">
              <value>
                <![CDATA[Resident Indian National]]>
              </value>
            </param>
            <param index="21">
              <value>
                <![CDATA[Bangalore]]>
              </value>
            </param>
            <param index="22">
              <value>
                <![CDATA[kormangala]]>
              </value>
            </param>
            <param index="23">
              <value>
                <![CDATA[Adugodi]]>
              </value>
            </param>
            <param index="24">
              <value>
                <![CDATA[Near Forum]]>
              </value>
            </param>
            <param index="25">
              <value>
                <![CDATA[560066]]>
              </value>
            </param>
            <param index="26">
              <value>
                <![CDATA[Aadhaar Card]]>
              </value>
            </param>
            <param index="27">
              <value>
                <![CDATA[9740234356]]>
              </value>
            </param>
            <param index="28">
              <value>
                <![CDATA[vanitha.cv@prakat.in]]>
              </value>
            </param>
            <param index="29">
              <value>
                <![CDATA[English]]>
              </value>
            </param>
            <param index="30">
              <value>
                <![CDATA[Salaried - MNC]]>
              </value>
            </param>
            <param index="31">
              <value>
                <![CDATA[Accountant]]>
              </value>
            </param>
            <param index="32">
              <value>
                <![CDATA[Accountant]]>
              </value>
            </param>
            <param index="33">
              <value>
                <![CDATA[ABB Limited]]>
              </value>
            </param>
            <param index="34">
              <value>
                <![CDATA[100000]]>
              </value>
            </param>
            <param index="35">
              <value>
                <![CDATA[50000]]>
              </value>
            </param>
            <param index="36">
              <value>
                <![CDATA[Accountant]]>
              </value>
            </param>
            <param index="37">
              <value>
                <![CDATA[23]]>
              </value>
            </param>
            <param index="38">
              <value>
                <![CDATA[5]]>
              </value>
            </param>
            <param index="39">
              <value>
                <![CDATA[1974]]>
              </value>
            </param>
            <param index="40">
              <value>
                <![CDATA[Father]]>
              </value>
            </param>
            <param index="41">
              <value>
                <![CDATA[Married]]>
              </value>
            </param>
            <param index="42">
              <value>
                <![CDATA[100]]>
              </value>
            </param>
            <param index="43">
              <value>
                <![CDATA[700000]]>
              </value>
            </param>
            <param index="44">
              <value>
                <![CDATA[25]]>
              </value>
            </param>
            <param index="45">
              <value>
                <![CDATA[Monthly]]>
              </value>
            </param>
            <param index="46">
              <value>
                <![CDATA[20]]>
              </value>
            </param>
            <param index="47">
              <value>
                <![CDATA[4]]>
              </value>
            </param>
            <param index="48">
              <value>
                <![CDATA[2019]]>
              </value>
            </param>
            <param index="49">
              <value>
                <![CDATA[Non-Medical]]>
              </value>
            </param>
            <param index="50">
              <value>
                <![CDATA[123456789]]>
              </value>
            </param>
            <param index="51">
              <value>
                <![CDATA[123456789]]>
              </value>
            </param>
            <param index="52">
              <value>
                <![CDATA[Current]]>
              </value>
            </param>
            <param index="53">
              <value>
                <![CDATA[D]]>
              </value>
            </param>
            <param index="54">
              <value>
                <![CDATA[HDFC0002019]]>
              </value>
            </param>
            <param index="55">
              <value>
                <![CDATA[01]]>
              </value>
            </param>
            <param index="56">
              <value>
                <![CDATA[60000]]>
              </value>
            </param>
            <param index="57">
              <value>
                <![CDATA[Testing]]>
              </value>
            </param>
            <param index="58">
              <value>
                <![CDATA[Half Yearly]]>
              </value>
            </param>
            <param index="59">
              <value>
                <![CDATA[Srk]]>
              </value>
            </param>
            <param index="60">
              <value>
                <![CDATA[Credit Card - Matercard]]>
              </value>
            </param>
            <param index="61">
              <value>
                <![CDATA[1.23456789E8]]>
              </value>
            </param>
            <param index="62">
              <value>
                <![CDATA[07]]>
              </value>
            </param>
            <param index="63">
              <value>
                <![CDATA[2019.0]]>
              </value>
            </param>
            <param index="64">
              <value>
                <![CDATA[HDFC BANK]]>
              </value>
            </param>
            <param index="65">
              <value>
                <![CDATA[170]]>
              </value>
            </param>
            <param index="66">
              <value>
                <![CDATA[50]]>
              </value>
            </param>
            <param index="67">
              <value>
                <![CDATA[Cash]]>
              </value>
            </param>
            <param index="68">
              <value>
                <![CDATA[HDFC Bank]]>
              </value>
            </param>
            <param index="69">
              <value>
                <![CDATA[3392]]>
              </value>
            </param>
            <param index="70">
              <value>
                <![CDATA[Salary Slip]]>
              </value>
            </param>
            <param index="71">
              <value>
                <![CDATA[2018 - 19]]>
              </value>
            </param>
            <param index="72">
              <value>
                <![CDATA[2000]]>
              </value>
            </param>
            <param index="73">
              <value>
                <![CDATA[Non Smoker]]>
              </value>
            </param>
          </params>
          <reporter-output>
          </reporter-output>
        </test-method> <!-- ProductDetails -->
        <test-method status="PASS" signature="endReport()[pri:0, instance:com.prakat.Exide.TestScripts.ProposalForm@3abbfa04]" name="endReport" is-config="true" duration-ms="412" started-at="2019-06-19T12:22:12Z" finished-at="2019-06-19T12:22:13Z">
          <reporter-output>
          </reporter-output>
        </test-method> <!-- endReport -->
      </class> <!-- com.prakat.Exide.TestScripts.ProposalForm -->
    </test> <!-- Default test -->
  </suite> <!-- Default suite -->
</testng-results>
