<?xml version="1.0" encoding="UTF-8"?>
<testng-results skipped="0" failed="0" ignored="0" total="1" passed="1">
  <reporter-output>
  </reporter-output>
  <suite name="Default suite" duration-ms="95581" started-at="2019-06-13T04:35:19Z" finished-at="2019-06-13T04:36:55Z">
    <groups>
    </groups>
    <test name="Default test" duration-ms="95581" started-at="2019-06-13T04:35:19Z" finished-at="2019-06-13T04:36:55Z">
      <class name="com.prakat.Exide.TestScripts.ProposalForm">
        <test-method status="PASS" signature="setUpSuite()[pri:0, instance:com.prakat.Exide.TestScripts.ProposalForm@3abbfa04]" name="setUpSuite" is-config="true" duration-ms="188" started-at="2019-06-13T04:35:19Z" finished-at="2019-06-13T04:35:19Z">
          <reporter-output>
          </reporter-output>
        </test-method> <!-- setUpSuite -->
        <test-method status="PASS" signature="beforeTest()[pri:0, instance:com.prakat.Exide.TestScripts.ProposalForm@3abbfa04]" name="beforeTest" is-config="true" duration-ms="8540" started-at="2019-06-13T04:35:19Z" finished-at="2019-06-13T04:35:28Z">
          <reporter-output>
          </reporter-output>
        </test-method> <!-- beforeTest -->
        <test-method status="PASS" signature="ProductDetails(java.lang.String, java.lang.String, java.lang.String, java.lang.String, java.lang.String, java.lang.String, java.lang.String, java.lang.String, java.lang.String, java.lang.String, java.lang.String, java.lang.String, java.lang.String, java.lang.String, java.lang.String, java.lang.String, java.lang.String, java.lang.String, java.lang.String, java.lang.String, java.lang.String, java.lang.String, java.lang.String, java.lang.String, java.lang.String, java.lang.String, java.lang.String, java.lang.String, java.lang.String, java.lang.String, java.lang.String, java.lang.String, java.lang.String, java.lang.String, java.lang.String, java.lang.String, java.lang.String)[pri:0, instance:com.prakat.Exide.TestScripts.ProposalForm@3abbfa04]" name="ProductDetails" duration-ms="86353" started-at="2019-06-13T04:35:28Z" data-provider="getProductData" finished-at="2019-06-13T04:36:55Z">
          <params>
            <param index="0">
              <value>
                <![CDATA[T20-Exide Life Smart Term - Classic RP]]>
              </value>
            </param>
            <param index="1">
              <value>
                <![CDATA[LN000001]]>
              </value>
            </param>
            <param index="2">
              <value>
                <![CDATA[60000086]]>
              </value>
            </param>
            <param index="3">
              <value>
                <![CDATA[1111111111111]]>
              </value>
            </param>
            <param index="4">
              <value>
                <![CDATA[Self]]>
              </value>
            </param>
            <param index="5">
              <value>
                <![CDATA[1]]>
              </value>
            </param>
            <param index="6">
              <value>
                <![CDATA[7]]>
              </value>
            </param>
            <param index="7">
              <value>
                <![CDATA[1992]]>
              </value>
            </param>
            <param index="8">
              <value>
                <![CDATA[Mr]]>
              </value>
            </param>
            <param index="9">
              <value>
                <![CDATA[10th std Admit card with DOB]]>
              </value>
            </param>
            <param index="10">
              <value>
                <![CDATA[Aarav]]>
              </value>
            </param>
            <param index="11">
              <value>
                <![CDATA[A]]>
              </value>
            </param>
            <param index="12">
              <value>
                <![CDATA[B]]>
              </value>
            </param>
            <param index="13">
              <value>
                <![CDATA[Voters ID]]>
              </value>
            </param>
            <param index="14">
              <value>
                <![CDATA[1]]>
              </value>
            </param>
            <param index="15">
              <value>
                <![CDATA[Graduate]]>
              </value>
            </param>
            <param index="16">
              <value>
                <![CDATA[Single]]>
              </value>
            </param>
            <param index="17">
              <value>
                <![CDATA[Anil]]>
              </value>
            </param>
            <param index="18">
              <value>
                <![CDATA[A]]>
              </value>
            </param>
            <param index="19">
              <value>
                <![CDATA[B]]>
              </value>
            </param>
            <param index="20">
              <value>
                <![CDATA[Resident Indian National]]>
              </value>
            </param>
            <param index="21">
              <value>
                <![CDATA[Bangalore]]>
              </value>
            </param>
            <param index="22">
              <value>
                <![CDATA[kormangala]]>
              </value>
            </param>
            <param index="23">
              <value>
                <![CDATA[Adugodi]]>
              </value>
            </param>
            <param index="24">
              <value>
                <![CDATA[Near Forum]]>
              </value>
            </param>
            <param index="25">
              <value>
                <![CDATA[560066]]>
              </value>
            </param>
            <param index="26">
              <value>
                <![CDATA[Aadhaar Card]]>
              </value>
            </param>
            <param index="27">
              <value>
                <![CDATA[9740234356]]>
              </value>
            </param>
            <param index="28">
              <value>
                <![CDATA[vanitha.cv@prakat.in]]>
              </value>
            </param>
            <param index="29">
              <value>
                <![CDATA[English]]>
              </value>
            </param>
            <param index="30">
              <value>
                <![CDATA[Salaried - MNC]]>
              </value>
            </param>
            <param index="31">
              <value>
                <![CDATA[Accountant]]>
              </value>
            </param>
            <param index="32">
              <value>
                <![CDATA[Accountant]]>
              </value>
            </param>
            <param index="33">
              <value>
                <![CDATA[ABB Limited]]>
              </value>
            </param>
            <param index="34">
              <value>
                <![CDATA[50000]]>
              </value>
            </param>
            <param index="35">
              <value>
                <![CDATA[50000]]>
              </value>
            </param>
            <param index="36">
              <value>
                <![CDATA[Accountant]]>
              </value>
            </param>
          </params>
          <reporter-output>
          </reporter-output>
        </test-method> <!-- ProductDetails -->
        <test-method status="PASS" signature="endReport()[pri:0, instance:com.prakat.Exide.TestScripts.ProposalForm@3abbfa04]" name="endReport" is-config="true" duration-ms="401" started-at="2019-06-13T04:36:55Z" finished-at="2019-06-13T04:36:55Z">
          <reporter-output>
          </reporter-output>
        </test-method> <!-- endReport -->
      </class> <!-- com.prakat.Exide.TestScripts.ProposalForm -->
    </test> <!-- Default test -->
  </suite> <!-- Default suite -->
</testng-results>
