<?xml version="1.0" encoding="UTF-8"?>
<testng-results skipped="0" failed="1" ignored="0" total="1" passed="0">
  <reporter-output>
  </reporter-output>
  <suite name="Default suite" duration-ms="42533" started-at="2019-06-13T06:01:37Z" finished-at="2019-06-13T06:02:19Z">
    <groups>
    </groups>
    <test name="Default test" duration-ms="42533" started-at="2019-06-13T06:01:37Z" finished-at="2019-06-13T06:02:19Z">
      <class name="com.prakat.Exide.TestScripts.ProposalForm">
        <test-method status="PASS" signature="setUpSuite()[pri:0, instance:com.prakat.Exide.TestScripts.ProposalForm@3abbfa04]" name="setUpSuite" is-config="true" duration-ms="187" started-at="2019-06-13T06:01:36Z" finished-at="2019-06-13T06:01:37Z">
          <reporter-output>
          </reporter-output>
        </test-method> <!-- setUpSuite -->
        <test-method status="PASS" signature="beforeTest()[pri:0, instance:com.prakat.Exide.TestScripts.ProposalForm@3abbfa04]" name="beforeTest" is-config="true" duration-ms="11852" started-at="2019-06-13T06:01:37Z" finished-at="2019-06-13T06:01:48Z">
          <reporter-output>
          </reporter-output>
        </test-method> <!-- beforeTest -->
        <test-method status="FAIL" signature="ProductDetails(java.lang.String, java.lang.String, java.lang.String, java.lang.String, java.lang.String, java.lang.String, java.lang.String, java.lang.String, java.lang.String, java.lang.String, java.lang.String, java.lang.String, java.lang.String, java.lang.String, java.lang.String, java.lang.String, java.lang.String, java.lang.String, java.lang.String, java.lang.String, java.lang.String, java.lang.String, java.lang.String, java.lang.String, java.lang.String, java.lang.String, java.lang.String, java.lang.String, java.lang.String, java.lang.String, java.lang.String, java.lang.String, java.lang.String, java.lang.String, java.lang.String, java.lang.String, java.lang.String)[pri:0, instance:com.prakat.Exide.TestScripts.ProposalForm@3abbfa04]" name="ProductDetails" duration-ms="29719" started-at="2019-06-13T06:01:49Z" data-provider="getProductData" finished-at="2019-06-13T06:02:19Z">
          <params>
            <param index="0">
              <value>
                <![CDATA[T20-Exide Life Smart Term - Classic RP]]>
              </value>
            </param>
            <param index="1">
              <value>
                <![CDATA[LN000001]]>
              </value>
            </param>
            <param index="2">
              <value>
                <![CDATA[60000086]]>
              </value>
            </param>
            <param index="3">
              <value>
                <![CDATA[1111111111111]]>
              </value>
            </param>
            <param index="4">
              <value>
                <![CDATA[Self]]>
              </value>
            </param>
            <param index="5">
              <value>
                <![CDATA[1]]>
              </value>
            </param>
            <param index="6">
              <value>
                <![CDATA[7]]>
              </value>
            </param>
            <param index="7">
              <value>
                <![CDATA[1992]]>
              </value>
            </param>
            <param index="8">
              <value>
                <![CDATA[Mr]]>
              </value>
            </param>
            <param index="9">
              <value>
                <![CDATA[10th std Admit card with DOB]]>
              </value>
            </param>
            <param index="10">
              <value>
                <![CDATA[Aarav]]>
              </value>
            </param>
            <param index="11">
              <value>
                <![CDATA[A]]>
              </value>
            </param>
            <param index="12">
              <value>
                <![CDATA[B]]>
              </value>
            </param>
            <param index="13">
              <value>
                <![CDATA[Voters ID]]>
              </value>
            </param>
            <param index="14">
              <value>
                <![CDATA[1]]>
              </value>
            </param>
            <param index="15">
              <value>
                <![CDATA[Graduate]]>
              </value>
            </param>
            <param index="16">
              <value>
                <![CDATA[Single]]>
              </value>
            </param>
            <param index="17">
              <value>
                <![CDATA[Anil]]>
              </value>
            </param>
            <param index="18">
              <value>
                <![CDATA[A]]>
              </value>
            </param>
            <param index="19">
              <value>
                <![CDATA[B]]>
              </value>
            </param>
            <param index="20">
              <value>
                <![CDATA[Resident Indian National]]>
              </value>
            </param>
            <param index="21">
              <value>
                <![CDATA[Bangalore]]>
              </value>
            </param>
            <param index="22">
              <value>
                <![CDATA[kormangala]]>
              </value>
            </param>
            <param index="23">
              <value>
                <![CDATA[Adugodi]]>
              </value>
            </param>
            <param index="24">
              <value>
                <![CDATA[Near Forum]]>
              </value>
            </param>
            <param index="25">
              <value>
                <![CDATA[560066]]>
              </value>
            </param>
            <param index="26">
              <value>
                <![CDATA[Aadhaar Card]]>
              </value>
            </param>
            <param index="27">
              <value>
                <![CDATA[9740234356]]>
              </value>
            </param>
            <param index="28">
              <value>
                <![CDATA[vanitha.cv@prakat.in]]>
              </value>
            </param>
            <param index="29">
              <value>
                <![CDATA[English]]>
              </value>
            </param>
            <param index="30">
              <value>
                <![CDATA[Salaried - MNC]]>
              </value>
            </param>
            <param index="31">
              <value>
                <![CDATA[Accountant]]>
              </value>
            </param>
            <param index="32">
              <value>
                <![CDATA[Accountant]]>
              </value>
            </param>
            <param index="33">
              <value>
                <![CDATA[ABB Limited]]>
              </value>
            </param>
            <param index="34">
              <value>
                <![CDATA[50000]]>
              </value>
            </param>
            <param index="35">
              <value>
                <![CDATA[50000]]>
              </value>
            </param>
            <param index="36">
              <value>
                <![CDATA[Accountant]]>
              </value>
            </param>
          </params>
          <exception class="org.openqa.selenium.ElementClickInterceptedException">
            <message>
              <![CDATA[element click intercepted: Element <button _ngcontent-c17="" class="btn btn-primary" disabled="">...</button> is not clickable at point (1113, 595). Other element would receive the click: <div _ngcontent-c1="" aria-labelledby="successModalLabel" class="modal fade successModal show" id="successModal" role="dialog" tabindex="-1">...</div>
  (Session info: chrome=75.0.3770.80)
  (Driver info: chromedriver=74.0.3729.6 (255758eccf3d244491b8a1317aa76e1ce10d57e9-refs/branch-heads/3729@{#29}),platform=Windows NT 10.0.17763 x86_64) (WARNING: The server did not provide any stacktrace information)
Command duration or timeout: 0 milliseconds
Build info: version: '3.14.0', revision: 'aacccce0', time: '2018-08-02T20:19:58.91Z'
System info: host: 'PRAKAT-D-002', ip: '192.168.1.156', os.name: 'Windows 10', os.arch: 'amd64', os.version: '10.0', java.version: '1.8.0_131'
Driver info: org.openqa.selenium.chrome.ChromeDriver
Capabilities {acceptInsecureCerts: false, acceptSslCerts: false, applicationCacheEnabled: false, browserConnectionEnabled: false, browserName: chrome, chrome: {chromedriverVersion: 74.0.3729.6 (255758eccf3d24..., userDataDir: C:\Users\PRAKAT~1\AppData\L...}, cssSelectorsEnabled: true, databaseEnabled: false, goog:chromeOptions: {debuggerAddress: localhost:56602}, handlesAlerts: true, hasTouchScreen: false, javascriptEnabled: true, locationContextEnabled: true, mobileEmulationEnabled: false, nativeEvents: true, networkConnectionEnabled: false, pageLoadStrategy: normal, platform: XP, platformName: XP, proxy: Proxy(), rotatable: false, setWindowRect: true, strictFileInteractability: false, takesHeapSnapshot: true, takesScreenshot: true, timeouts: {implicit: 0, pageLoad: 300000, script: 30000}, unexpectedAlertBehaviour: ignore, unhandledPromptBehavior: ignore, version: 75.0.3770.80, webStorageEnabled: true}
Session ID: a8a3a13ff2e2110108ad2a223a702fa6]]>
            </message>
            <full-stacktrace>
              <![CDATA[org.openqa.selenium.ElementClickInterceptedException: element click intercepted: Element <button _ngcontent-c17="" class="btn btn-primary" disabled="">...</button> is not clickable at point (1113, 595). Other element would receive the click: <div _ngcontent-c1="" aria-labelledby="successModalLabel" class="modal fade successModal show" id="successModal" role="dialog" tabindex="-1">...</div>
  (Session info: chrome=75.0.3770.80)
  (Driver info: chromedriver=74.0.3729.6 (255758eccf3d244491b8a1317aa76e1ce10d57e9-refs/branch-heads/3729@{#29}),platform=Windows NT 10.0.17763 x86_64) (WARNING: The server did not provide any stacktrace information)
Command duration or timeout: 0 milliseconds
Build info: version: '3.14.0', revision: 'aacccce0', time: '2018-08-02T20:19:58.91Z'
System info: host: 'PRAKAT-D-002', ip: '192.168.1.156', os.name: 'Windows 10', os.arch: 'amd64', os.version: '10.0', java.version: '1.8.0_131'
Driver info: org.openqa.selenium.chrome.ChromeDriver
Capabilities {acceptInsecureCerts: false, acceptSslCerts: false, applicationCacheEnabled: false, browserConnectionEnabled: false, browserName: chrome, chrome: {chromedriverVersion: 74.0.3729.6 (255758eccf3d24..., userDataDir: C:\Users\PRAKAT~1\AppData\L...}, cssSelectorsEnabled: true, databaseEnabled: false, goog:chromeOptions: {debuggerAddress: localhost:56602}, handlesAlerts: true, hasTouchScreen: false, javascriptEnabled: true, locationContextEnabled: true, mobileEmulationEnabled: false, nativeEvents: true, networkConnectionEnabled: false, pageLoadStrategy: normal, platform: XP, platformName: XP, proxy: Proxy(), rotatable: false, setWindowRect: true, strictFileInteractability: false, takesHeapSnapshot: true, takesScreenshot: true, timeouts: {implicit: 0, pageLoad: 300000, script: 30000}, unexpectedAlertBehaviour: ignore, unhandledPromptBehavior: ignore, version: 75.0.3770.80, webStorageEnabled: true}
Session ID: a8a3a13ff2e2110108ad2a223a702fa6
at sun.reflect.NativeConstructorAccessorImpl.newInstance0(Native Method)
at sun.reflect.NativeConstructorAccessorImpl.newInstance(NativeConstructorAccessorImpl.java:62)
at sun.reflect.DelegatingConstructorAccessorImpl.newInstance(DelegatingConstructorAccessorImpl.java:45)
at java.lang.reflect.Constructor.newInstance(Constructor.java:423)
at org.openqa.selenium.remote.ErrorHandler.createThrowable(ErrorHandler.java:214)
at org.openqa.selenium.remote.ErrorHandler.throwIfResponseFailed(ErrorHandler.java:166)
at org.openqa.selenium.remote.http.JsonHttpResponseCodec.reconstructValue(JsonHttpResponseCodec.java:40)
at org.openqa.selenium.remote.http.AbstractHttpResponseCodec.decode(AbstractHttpResponseCodec.java:80)
at org.openqa.selenium.remote.http.AbstractHttpResponseCodec.decode(AbstractHttpResponseCodec.java:44)
at org.openqa.selenium.remote.HttpCommandExecutor.execute(HttpCommandExecutor.java:158)
at org.openqa.selenium.remote.service.DriverCommandExecutor.execute(DriverCommandExecutor.java:83)
at org.openqa.selenium.remote.RemoteWebDriver.execute(RemoteWebDriver.java:548)
at org.openqa.selenium.remote.RemoteWebElement.execute(RemoteWebElement.java:276)
at org.openqa.selenium.remote.RemoteWebElement.click(RemoteWebElement.java:83)
at sun.reflect.NativeMethodAccessorImpl.invoke0(Native Method)
at sun.reflect.NativeMethodAccessorImpl.invoke(NativeMethodAccessorImpl.java:62)
at sun.reflect.DelegatingMethodAccessorImpl.invoke(DelegatingMethodAccessorImpl.java:43)
at java.lang.reflect.Method.invoke(Method.java:498)
at org.openqa.selenium.support.pagefactory.internal.LocatingElementHandler.invoke(LocatingElementHandler.java:51)
at com.sun.proxy.$Proxy12.click(Unknown Source)
at com.prakat.Exide.TestScripts.ProposalForm.ProductDetails(ProposalForm.java:108)
at sun.reflect.NativeMethodAccessorImpl.invoke0(Native Method)
at sun.reflect.NativeMethodAccessorImpl.invoke(NativeMethodAccessorImpl.java:62)
at sun.reflect.DelegatingMethodAccessorImpl.invoke(DelegatingMethodAccessorImpl.java:43)
at java.lang.reflect.Method.invoke(Method.java:498)
at org.testng.internal.MethodInvocationHelper.invokeMethod(MethodInvocationHelper.java:124)
at org.testng.internal.Invoker.invokeMethod(Invoker.java:583)
at org.testng.internal.Invoker.invokeTestMethod(Invoker.java:719)
at org.testng.internal.Invoker.invokeTestMethods(Invoker.java:989)
at org.testng.internal.TestMethodWorker.invokeTestMethods(TestMethodWorker.java:125)
at org.testng.internal.TestMethodWorker.run(TestMethodWorker.java:109)
at org.testng.TestRunner.privateRun(TestRunner.java:648)
at org.testng.TestRunner.run(TestRunner.java:505)
at org.testng.SuiteRunner.runTest(SuiteRunner.java:455)
at org.testng.SuiteRunner.runSequentially(SuiteRunner.java:450)
at org.testng.SuiteRunner.privateRun(SuiteRunner.java:415)
at org.testng.SuiteRunner.run(SuiteRunner.java:364)
at org.testng.SuiteRunnerWorker.runSuite(SuiteRunnerWorker.java:52)
at org.testng.SuiteRunnerWorker.run(SuiteRunnerWorker.java:84)
at org.testng.TestNG.runSuitesSequentially(TestNG.java:1208)
at org.testng.TestNG.runSuitesLocally(TestNG.java:1137)
at org.testng.TestNG.runSuites(TestNG.java:1049)
at org.testng.TestNG.run(TestNG.java:1017)
at org.testng.remote.AbstractRemoteTestNG.run(AbstractRemoteTestNG.java:114)
at org.testng.remote.RemoteTestNG.initAndRun(RemoteTestNG.java:251)
at org.testng.remote.RemoteTestNG.main(RemoteTestNG.java:77)
]]>
            </full-stacktrace>
          </exception> <!-- org.openqa.selenium.ElementClickInterceptedException -->
          <reporter-output>
          </reporter-output>
        </test-method> <!-- ProductDetails -->
        <test-method status="PASS" signature="endReport()[pri:0, instance:com.prakat.Exide.TestScripts.ProposalForm@3abbfa04]" name="endReport" is-config="true" duration-ms="317" started-at="2019-06-13T06:02:19Z" finished-at="2019-06-13T06:02:20Z">
          <reporter-output>
          </reporter-output>
        </test-method> <!-- endReport -->
      </class> <!-- com.prakat.Exide.TestScripts.ProposalForm -->
    </test> <!-- Default test -->
  </suite> <!-- Default suite -->
</testng-results>
