<?xml version="1.0" encoding="UTF-8"?>
<testng-results skipped="0" failed="1" ignored="0" total="1" passed="0">
  <reporter-output>
  </reporter-output>
  <suite name="Default suite" duration-ms="84537" started-at="2019-06-27T12:14:38Z" finished-at="2019-06-27T12:16:03Z">
    <groups>
    </groups>
    <test name="Default test" duration-ms="84537" started-at="2019-06-27T12:14:38Z" finished-at="2019-06-27T12:16:03Z">
      <class name="com.prakat.Exide.TestScripts.PFHalfYearly">
        <test-method status="PASS" signature="setUpSuite()[pri:0, instance:com.prakat.Exide.TestScripts.PFHalfYearly@14bf9759]" name="setUpSuite" is-config="true" duration-ms="334" started-at="2019-06-27T12:14:38Z" finished-at="2019-06-27T12:14:38Z">
          <reporter-output>
          </reporter-output>
        </test-method> <!-- setUpSuite -->
        <test-method status="PASS" signature="beforeTest()[pri:0, instance:com.prakat.Exide.TestScripts.PFHalfYearly@14bf9759]" name="beforeTest" is-config="true" duration-ms="13406" started-at="2019-06-27T12:14:38Z" finished-at="2019-06-27T12:14:52Z">
          <reporter-output>
          </reporter-output>
        </test-method> <!-- beforeTest -->
        <test-method status="FAIL" signature="ProductDetails(java.lang.String, java.lang.String, java.lang.String, java.lang.String, java.lang.String, java.lang.String, java.lang.String, java.lang.String, java.lang.String, java.lang.String, java.lang.String, java.lang.String, java.lang.String, java.lang.String, java.lang.String, java.lang.String, java.lang.String, java.lang.String, java.lang.String, java.lang.String, java.lang.String, java.lang.String, java.lang.String, java.lang.String, java.lang.String, java.lang.String, java.lang.String, java.lang.String, java.lang.String, java.lang.String, java.lang.String, java.lang.String, java.lang.String, java.lang.String, java.lang.String, java.lang.String, java.lang.String, java.lang.String, java.lang.String, java.lang.String, java.lang.String, java.lang.String, java.lang.String, java.lang.String, java.lang.String, java.lang.String, java.lang.String, java.lang.String, java.lang.String, java.lang.String, java.lang.String, java.lang.String, java.lang.String, java.lang.String, java.lang.String, java.lang.String, java.lang.String, java.lang.String)[pri:0, instance:com.prakat.Exide.TestScripts.PFHalfYearly@14bf9759]" name="ProductDetails" duration-ms="69171" started-at="2019-06-27T12:14:53Z" data-provider="getProductData" finished-at="2019-06-27T12:16:02Z">
          <params>
            <param index="0">
              <value>
                <![CDATA[T20-Exide Life Smart Term - Classic RP]]>
              </value>
            </param>
            <param index="1">
              <value>
                <![CDATA[LN000004]]>
              </value>
            </param>
            <param index="2">
              <value>
                <![CDATA[60000086]]>
              </value>
            </param>
            <param index="3">
              <value>
                <![CDATA[Self]]>
              </value>
            </param>
            <param index="4">
              <value>
                <![CDATA[1]]>
              </value>
            </param>
            <param index="5">
              <value>
                <![CDATA[7]]>
              </value>
            </param>
            <param index="6">
              <value>
                <![CDATA[1992]]>
              </value>
            </param>
            <param index="7">
              <value>
                <![CDATA[Mr]]>
              </value>
            </param>
            <param index="8">
              <value>
                <![CDATA[Aarav]]>
              </value>
            </param>
            <param index="9">
              <value>
                <![CDATA[A]]>
              </value>
            </param>
            <param index="10">
              <value>
                <![CDATA[B]]>
              </value>
            </param>
            <param index="11">
              <value>
                <![CDATA[10th std Admit card with DOB]]>
              </value>
            </param>
            <param index="12">
              <value>
                <![CDATA[Voters ID]]>
              </value>
            </param>
            <param index="13">
              <value>
                <![CDATA[1]]>
              </value>
            </param>
            <param index="14">
              <value>
                <![CDATA[Graduate]]>
              </value>
            </param>
            <param index="15">
              <value>
                <![CDATA[Single]]>
              </value>
            </param>
            <param index="16">
              <value>
                <![CDATA[Anil]]>
              </value>
            </param>
            <param index="17">
              <value>
                <![CDATA[A]]>
              </value>
            </param>
            <param index="18">
              <value>
                <![CDATA[B]]>
              </value>
            </param>
            <param index="19">
              <value>
                <![CDATA[Resident Indian National]]>
              </value>
            </param>
            <param index="20">
              <value>
                <![CDATA[Bangalore]]>
              </value>
            </param>
            <param index="21">
              <value>
                <![CDATA[kormangala]]>
              </value>
            </param>
            <param index="22">
              <value>
                <![CDATA[Adugodi]]>
              </value>
            </param>
            <param index="23">
              <value>
                <![CDATA[560066]]>
              </value>
            </param>
            <param index="24">
              <value>
                <![CDATA[Aadhaar Card]]>
              </value>
            </param>
            <param index="25">
              <value>
                <![CDATA[9740234356]]>
              </value>
            </param>
            <param index="26">
              <value>
                <![CDATA[vanitha.cv@prakat.in]]>
              </value>
            </param>
            <param index="27">
              <value>
                <![CDATA[English]]>
              </value>
            </param>
            <param index="28">
              <value>
                <![CDATA[Salaried - MNC]]>
              </value>
            </param>
            <param index="29">
              <value>
                <![CDATA[Accountant]]>
              </value>
            </param>
            <param index="30">
              <value>
                <![CDATA[Accountant]]>
              </value>
            </param>
            <param index="31">
              <value>
                <![CDATA[ABB Limited]]>
              </value>
            </param>
            <param index="32">
              <value>
                <![CDATA[100000]]>
              </value>
            </param>
            <param index="33">
              <value>
                <![CDATA[Salary Slip]]>
              </value>
            </param>
            <param index="34">
              <value>
                <![CDATA[2018 - 19]]>
              </value>
            </param>
            <param index="35">
              <value>
                <![CDATA[2000]]>
              </value>
            </param>
            <param index="36">
              <value>
                <![CDATA[50000]]>
              </value>
            </param>
            <param index="37">
              <value>
                <![CDATA[Accountant]]>
              </value>
            </param>
            <param index="38">
              <value>
                <![CDATA[23]]>
              </value>
            </param>
            <param index="39">
              <value>
                <![CDATA[5.0]]>
              </value>
            </param>
            <param index="40">
              <value>
                <![CDATA[1974.0]]>
              </value>
            </param>
            <param index="41">
              <value>
                <![CDATA[Father]]>
              </value>
            </param>
            <param index="42">
              <value>
                <![CDATA[Married]]>
              </value>
            </param>
            <param index="43">
              <value>
                <![CDATA[100]]>
              </value>
            </param>
            <param index="44">
              <value>
                <![CDATA[700000]]>
              </value>
            </param>
            <param index="45">
              <value>
                <![CDATA[25]]>
              </value>
            </param>
            <param index="46">
              <value>
                <![CDATA[Half Yearly]]>
              </value>
            </param>
            <param index="47">
              <value>
                <![CDATA[27]]>
              </value>
            </param>
            <param index="48">
              <value>
                <![CDATA[06]]>
              </value>
            </param>
            <param index="49">
              <value>
                <![CDATA[2019]]>
              </value>
            </param>
            <param index="50">
              <value>
                <![CDATA[Non-Medical]]>
              </value>
            </param>
            <param index="51">
              <value>
                <![CDATA[Testing]]>
              </value>
            </param>
            <param index="52">
              <value>
                <![CDATA[165]]>
              </value>
            </param>
            <param index="53">
              <value>
                <![CDATA[60]]>
              </value>
            </param>
            <param index="54">
              <value>
                <![CDATA[Non Smoke]]>
              </value>
            </param>
            <param index="55">
              <value>
                <![CDATA[Cash]]>
              </value>
            </param>
            <param index="56">
              <value>
                <![CDATA[HDFC Bank]]>
              </value>
            </param>
            <param index="57">
              <value>
                <![CDATA[3392]]>
              </value>
            </param>
          </params>
          <exception class="org.openqa.selenium.NoSuchElementException">
            <message>
              <![CDATA[no such element: Unable to locate element: {"method":"xpath","selector":"//p[text()=' Valid Agent No ']"}
  (Session info: chrome=75.0.3770.100)
  (Driver info: chromedriver=74.0.3729.6 (255758eccf3d244491b8a1317aa76e1ce10d57e9-refs/branch-heads/3729@{#29}),platform=Windows NT 10.0.17763 x86_64) (WARNING: The server did not provide any stacktrace information)
Command duration or timeout: 0 milliseconds
For documentation on this error, please visit: http://seleniumhq.org/exceptions/no_such_element.html
Build info: version: '3.14.0', revision: 'aacccce0', time: '2018-08-02T20:19:58.91Z'
System info: host: 'PRAKAT-L-064', ip: '172.16.14.170', os.name: 'Windows 10', os.arch: 'amd64', os.version: '10.0', java.version: '1.8.0_161'
Driver info: org.openqa.selenium.chrome.ChromeDriver
Capabilities {acceptInsecureCerts: false, acceptSslCerts: false, applicationCacheEnabled: false, browserConnectionEnabled: false, browserName: chrome, chrome: {chromedriverVersion: 74.0.3729.6 (255758eccf3d24..., userDataDir: C:\Users\PRAKAT~1\AppData\L...}, cssSelectorsEnabled: true, databaseEnabled: false, goog:chromeOptions: {debuggerAddress: localhost:64848}, handlesAlerts: true, hasTouchScreen: false, javascriptEnabled: true, locationContextEnabled: true, mobileEmulationEnabled: false, nativeEvents: true, networkConnectionEnabled: false, pageLoadStrategy: normal, platform: XP, platformName: XP, proxy: Proxy(), rotatable: false, setWindowRect: true, strictFileInteractability: false, takesHeapSnapshot: true, takesScreenshot: true, timeouts: {implicit: 0, pageLoad: 300000, script: 30000}, unexpectedAlertBehaviour: ignore, unhandledPromptBehavior: ignore, version: 75.0.3770.100, webStorageEnabled: true}
Session ID: b1965718f0e899c8eeae8d6f06d5bf49
*** Element info: {Using=xpath, value=//p[text()=' Valid Agent No ']}]]>
            </message>
            <full-stacktrace>
              <![CDATA[org.openqa.selenium.NoSuchElementException: no such element: Unable to locate element: {"method":"xpath","selector":"//p[text()=' Valid Agent No ']"}
  (Session info: chrome=75.0.3770.100)
  (Driver info: chromedriver=74.0.3729.6 (255758eccf3d244491b8a1317aa76e1ce10d57e9-refs/branch-heads/3729@{#29}),platform=Windows NT 10.0.17763 x86_64) (WARNING: The server did not provide any stacktrace information)
Command duration or timeout: 0 milliseconds
For documentation on this error, please visit: http://seleniumhq.org/exceptions/no_such_element.html
Build info: version: '3.14.0', revision: 'aacccce0', time: '2018-08-02T20:19:58.91Z'
System info: host: 'PRAKAT-L-064', ip: '172.16.14.170', os.name: 'Windows 10', os.arch: 'amd64', os.version: '10.0', java.version: '1.8.0_161'
Driver info: org.openqa.selenium.chrome.ChromeDriver
Capabilities {acceptInsecureCerts: false, acceptSslCerts: false, applicationCacheEnabled: false, browserConnectionEnabled: false, browserName: chrome, chrome: {chromedriverVersion: 74.0.3729.6 (255758eccf3d24..., userDataDir: C:\Users\PRAKAT~1\AppData\L...}, cssSelectorsEnabled: true, databaseEnabled: false, goog:chromeOptions: {debuggerAddress: localhost:64848}, handlesAlerts: true, hasTouchScreen: false, javascriptEnabled: true, locationContextEnabled: true, mobileEmulationEnabled: false, nativeEvents: true, networkConnectionEnabled: false, pageLoadStrategy: normal, platform: XP, platformName: XP, proxy: Proxy(), rotatable: false, setWindowRect: true, strictFileInteractability: false, takesHeapSnapshot: true, takesScreenshot: true, timeouts: {implicit: 0, pageLoad: 300000, script: 30000}, unexpectedAlertBehaviour: ignore, unhandledPromptBehavior: ignore, version: 75.0.3770.100, webStorageEnabled: true}
Session ID: b1965718f0e899c8eeae8d6f06d5bf49
*** Element info: {Using=xpath, value=//p[text()=' Valid Agent No ']}
at sun.reflect.NativeConstructorAccessorImpl.newInstance0(Native Method)
at sun.reflect.NativeConstructorAccessorImpl.newInstance(Unknown Source)
at sun.reflect.DelegatingConstructorAccessorImpl.newInstance(Unknown Source)
at java.lang.reflect.Constructor.newInstance(Unknown Source)
at org.openqa.selenium.remote.ErrorHandler.createThrowable(ErrorHandler.java:214)
at org.openqa.selenium.remote.ErrorHandler.throwIfResponseFailed(ErrorHandler.java:166)
at org.openqa.selenium.remote.http.JsonHttpResponseCodec.reconstructValue(JsonHttpResponseCodec.java:40)
at org.openqa.selenium.remote.http.AbstractHttpResponseCodec.decode(AbstractHttpResponseCodec.java:80)
at org.openqa.selenium.remote.http.AbstractHttpResponseCodec.decode(AbstractHttpResponseCodec.java:44)
at org.openqa.selenium.remote.HttpCommandExecutor.execute(HttpCommandExecutor.java:158)
at org.openqa.selenium.remote.service.DriverCommandExecutor.execute(DriverCommandExecutor.java:83)
at org.openqa.selenium.remote.RemoteWebDriver.execute(RemoteWebDriver.java:548)
at org.openqa.selenium.remote.RemoteWebDriver.findElement(RemoteWebDriver.java:322)
at org.openqa.selenium.remote.RemoteWebDriver.findElementByXPath(RemoteWebDriver.java:424)
at org.openqa.selenium.By$ByXPath.findElement(By.java:353)
at org.openqa.selenium.remote.RemoteWebDriver.findElement(RemoteWebDriver.java:314)
at org.openqa.selenium.support.pagefactory.DefaultElementLocator.findElement(DefaultElementLocator.java:69)
at org.openqa.selenium.support.pagefactory.internal.LocatingElementHandler.invoke(LocatingElementHandler.java:38)
at com.sun.proxy.$Proxy12.isDisplayed(Unknown Source)
at com.prakat.Exide.TestScripts.PFHalfYearly.ProductDetails(PFHalfYearly.java:145)
at sun.reflect.NativeMethodAccessorImpl.invoke0(Native Method)
at sun.reflect.NativeMethodAccessorImpl.invoke(Unknown Source)
at sun.reflect.DelegatingMethodAccessorImpl.invoke(Unknown Source)
at java.lang.reflect.Method.invoke(Unknown Source)
at org.testng.internal.MethodInvocationHelper.invokeMethod(MethodInvocationHelper.java:124)
at org.testng.internal.Invoker.invokeMethod(Invoker.java:583)
at org.testng.internal.Invoker.invokeTestMethod(Invoker.java:719)
at org.testng.internal.Invoker.invokeTestMethods(Invoker.java:989)
at org.testng.internal.TestMethodWorker.invokeTestMethods(TestMethodWorker.java:125)
at org.testng.internal.TestMethodWorker.run(TestMethodWorker.java:109)
at org.testng.TestRunner.privateRun(TestRunner.java:648)
at org.testng.TestRunner.run(TestRunner.java:505)
at org.testng.SuiteRunner.runTest(SuiteRunner.java:455)
at org.testng.SuiteRunner.runSequentially(SuiteRunner.java:450)
at org.testng.SuiteRunner.privateRun(SuiteRunner.java:415)
at org.testng.SuiteRunner.run(SuiteRunner.java:364)
at org.testng.SuiteRunnerWorker.runSuite(SuiteRunnerWorker.java:52)
at org.testng.SuiteRunnerWorker.run(SuiteRunnerWorker.java:84)
at org.testng.TestNG.runSuitesSequentially(TestNG.java:1208)
at org.testng.TestNG.runSuitesLocally(TestNG.java:1137)
at org.testng.TestNG.runSuites(TestNG.java:1049)
at org.testng.TestNG.run(TestNG.java:1017)
at org.testng.remote.AbstractRemoteTestNG.run(AbstractRemoteTestNG.java:114)
at org.testng.remote.RemoteTestNG.initAndRun(RemoteTestNG.java:251)
at org.testng.remote.RemoteTestNG.main(RemoteTestNG.java:77)
]]>
            </full-stacktrace>
          </exception> <!-- org.openqa.selenium.NoSuchElementException -->
          <reporter-output>
          </reporter-output>
        </test-method> <!-- ProductDetails -->
        <test-method status="PASS" signature="endReport()[pri:0, instance:com.prakat.Exide.TestScripts.PFHalfYearly@14bf9759]" name="endReport" is-config="true" duration-ms="394" started-at="2019-06-27T12:16:03Z" finished-at="2019-06-27T12:16:03Z">
          <reporter-output>
          </reporter-output>
        </test-method> <!-- endReport -->
      </class> <!-- com.prakat.Exide.TestScripts.PFHalfYearly -->
    </test> <!-- Default test -->
  </suite> <!-- Default suite -->
</testng-results>
